<?xml version="1.0" encoding="utf-8"?><testsuites name="pytest tests"><testsuite name="pytest" errors="0" failures="0" skipped="0" tests="34" time="5.276" timestamp="2026-05-14T14:41:58.309912+00:00" hostname="agent-env-56756f8b-b825-4006-9fa7-6f6424231c8e"><testcase classname="backend.tests.test_maxx_player" name="test_root" time="0.272" /><testcase classname="backend.tests.test_maxx_player.TestPlaylists" name="test_demo_idempotent" time="0.179" /><testcase classname="backend.tests.test_maxx_player.TestPlaylists" name="test_active" time="0.049" /><testcase classname="backend.tests.test_maxx_player.TestPlaylists" name="test_list" time="0.051" /><testcase classname="backend.tests.test_maxx_player.TestPlaylists" name="test_create_m3u_with_embedded_content" time="0.188" /><testcase classname="backend.tests.test_maxx_player.TestPlaylists" name="test_create_xtream_invalid_creds_returns_4xx" time="0.112" /><testcase classname="backend.tests.test_maxx_player.TestPlaylists" name="test_activate_and_delete" time="0.951" /><testcase classname="backend.tests.test_maxx_player" name="test_account_info_demo" time="0.054" /><testcase classname="backend.tests.test_maxx_player.TestContent" name="test_categories[live]" time="0.069" /><testcase classname="backend.tests.test_maxx_player.TestContent" name="test_categories[vod]" time="0.064" /><testcase classname="backend.tests.test_maxx_player.TestContent" name="test_categories[series]" time="0.053" /><testcase classname="backend.tests.test_maxx_player.TestContent" name="test_categories_invalid_type" time="0.051" /><testcase classname="backend.tests.test_maxx_player.TestContent" name="test_streams[live]" time="0.050" /><testcase classname="backend.tests.test_maxx_player.TestContent" name="test_streams[vod]" time="0.064" /><testcase classname="backend.tests.test_maxx_player.TestContent" name="test_streams[series]" time="0.087" /><testcase classname="backend.tests.test_maxx_player.TestContent" name="test_streams_with_category_filter" time="0.052" /><testcase classname="backend.tests.test_maxx_player.TestContent" name="test_streams_with_unknown_category" time="0.055" /><testcase classname="backend.tests.test_maxx_player.TestContent" name="test_movie_details" time="0.049" /><testcase classname="backend.tests.test_maxx_player.TestContent" name="test_movie_not_found" time="0.062" /><testcase classname="backend.tests.test_maxx_player.TestContent" name="test_series_details" time="0.066" /><testcase classname="backend.tests.test_maxx_player.TestContent" name="test_epg" time="0.048" /><testcase classname="backend.tests.test_maxx_player.TestContent" name="test_epg_limit" time="0.050" /><testcase classname="backend.tests.test_maxx_player.TestContent" name="test_stream_url[live-demo-live-1]" time="0.046" /><testcase classname="backend.tests.test_maxx_player.TestContent" name="test_stream_url[vod-demo-movie-1]" time="0.061" /><testcase classname="backend.tests.test_maxx_player.TestContent" name="test_stream_url[episode-demo-s1e1]" time="0.063" /><testcase classname="backend.tests.test_maxx_player.TestContent" name="test_stream_url_not_found" time="0.058" /><testcase classname="backend.tests.test_maxx_player.TestContent" name="test_search" time="0.051" /><testcase classname="backend.tests.test_maxx_player.TestContent" name="test_search_empty" time="0.048" /><testcase classname="backend.tests.test_maxx_player.TestFavorites" name="test_add_list_remove" time="0.469" /><testcase classname="backend.tests.test_maxx_player.TestProgress" name="test_upsert_and_list" time="0.473" /><testcase classname="backend.tests.test_maxx_player.TestProgress" name="test_continue_watching_filters" time="0.511" /><testcase classname="backend.tests.test_maxx_player.TestProgress" name="test_delete_progress" time="0.277" /><testcase classname="backend.tests.test_maxx_player.TestSettings" name="test_defaults_and_update" time="0.192" /><testcase classname="backend.tests.test_maxx_player" name="test_proxy_stream_hls_manifest" time="0.230" /></testsuite></testsuites>